0 info it worked if it ends with ok
1 verbose cli [ '/usr/local/Cellar/node/7.4.0/bin/node',
1 verbose cli   '/usr/local/bin/npm',
1 verbose cli   'run',
1 verbose cli   'watch' ]
2 info using npm@4.0.5
3 info using node@v7.4.0
4 verbose run-script [ 'prewatch', 'watch', 'postwatch' ]
5 info lifecycle make-the-internet-great-again@~prewatch: make-the-internet-great-again@
6 silly lifecycle make-the-internet-great-again@~prewatch: no script for prewatch, continuing
7 info lifecycle make-the-internet-great-again@~watch: make-the-internet-great-again@
8 verbose lifecycle make-the-internet-great-again@~watch: unsafe-perm in lifecycle true
9 verbose lifecycle make-the-internet-great-again@~watch: PATH: /usr/local/lib/node_modules/npm/bin/node-gyp-bin:/Users/eugenistoc/github/makeTheInternetGreatAgain/node_modules/.bin:/usr/local/bin:/usr/bin:/bin:/usr/sbin:/sbin
10 verbose lifecycle make-the-internet-great-again@~watch: CWD: /Users/eugenistoc/github/makeTheInternetGreatAgain
11 silly lifecycle make-the-internet-great-again@~watch: Args: [ '-c', 'gulp watch' ]
12 silly lifecycle make-the-internet-great-again@~watch: Returned: code: 1  signal: null
13 info lifecycle make-the-internet-great-again@~watch: Failed to exec watch script
14 verbose stack Error: make-the-internet-great-again@ watch: `gulp watch`
14 verbose stack Exit status 1
14 verbose stack     at EventEmitter.<anonymous> (/usr/local/lib/node_modules/npm/lib/utils/lifecycle.js:279:16)
14 verbose stack     at emitTwo (events.js:106:13)
14 verbose stack     at EventEmitter.emit (events.js:191:7)
14 verbose stack     at ChildProcess.<anonymous> (/usr/local/lib/node_modules/npm/lib/utils/spawn.js:40:14)
14 verbose stack     at emitTwo (events.js:106:13)
14 verbose stack     at ChildProcess.emit (events.js:191:7)
14 verbose stack     at maybeClose (internal/child_process.js:885:16)
14 verbose stack     at Process.ChildProcess._handle.onexit (internal/child_process.js:226:5)
15 verbose pkgid make-the-internet-great-again@
16 verbose cwd /Users/eugenistoc/github/makeTheInternetGreatAgain
17 error Darwin 16.4.0
18 error argv "/usr/local/Cellar/node/7.4.0/bin/node" "/usr/local/bin/npm" "run" "watch"
19 error node v7.4.0
20 error npm  v4.0.5
21 error code ELIFECYCLE
22 error make-the-internet-great-again@ watch: `gulp watch`
22 error Exit status 1
23 error Failed at the make-the-internet-great-again@ watch script 'gulp watch'.
23 error Make sure you have the latest version of node.js and npm installed.
23 error If you do, this is most likely a problem with the make-the-internet-great-again package,
23 error not with npm itself.
23 error Tell the author that this fails on your system:
23 error     gulp watch
23 error You can get information on how to open an issue for this project with:
23 error     npm bugs make-the-internet-great-again
23 error Or if that isn't available, you can get their info via:
23 error     npm owner ls make-the-internet-great-again
23 error There is likely additional logging output above.
24 verbose exit [ 1, true ]
